cl : command line warning D9025: overriding '/FAs' with '/FAu'
  main.cpp
F:\Pe7ndrive\My own programs\VS2019\Presszer\main.cpp(40,15): warning C4244: 'initializing': conversion from 'double' to 'int', possible loss of data
F:\Pe7ndrive\My own programs\VS2019\Presszer\main.cpp(49,13): warning C4244: '=': conversion from 'double' to 'int', possible loss of data
F:\Pe7ndrive\My own programs\VS2019\Presszer\main.cpp(185,49): warning C4312: 'type cast': conversion from 'unsigned long' to 'void *' of greater size
F:\Pe7ndrive\My own programs\VS2019\Presszer\main.cpp(188,66): warning C4312: 'type cast': conversion from 'unsigned long' to 'void *' of greater size
F:\Pe7ndrive\My own programs\VS2019\Presszer\main.cpp(197,69): warning C4312: 'type cast': conversion from 'unsigned long' to 'void *' of greater size
F:\Pe7ndrive\My own programs\VS2019\Presszer\main.cpp(201,60): warning C4312: 'type cast': conversion from 'DWORD' to 'void *' of greater size
F:\Pe7ndrive\My own programs\VS2019\Presszer\main.cpp(213,62): warning C4312: 'type cast': conversion from 'DWORD' to 'void *' of greater size
F:\Pe7ndrive\My own programs\VS2019\Presszer\main.cpp(217,60): warning C4312: 'type cast': conversion from 'DWORD' to 'void *' of greater size
F:\Pe7ndrive\My own programs\VS2019\Presszer\main.cpp(220,69): warning C4312: 'type cast': conversion from 'DWORD' to 'void *' of greater size
F:\Pe7ndrive\My own programs\VS2019\Presszer\main.cpp(221,69): warning C4312: 'type cast': conversion from 'DWORD' to 'void *' of greater size
F:\Pe7ndrive\My own programs\VS2019\Presszer\main.cpp(225,69): warning C4312: 'type cast': conversion from 'DWORD' to 'void *' of greater size
F:\Pe7ndrive\My own programs\VS2019\Presszer\main.cpp(296,45): warning C4311: 'type cast': pointer truncation from 'HANDLE' to 'long'
F:\Pe7ndrive\My own programs\VS2019\Presszer\main.cpp(296,45): warning C4302: 'type cast': truncation from 'HANDLE' to 'long'
F:\Pe7ndrive\My own programs\VS2019\Presszer\main.cpp(303,40): warning C4311: 'type cast': pointer truncation from 'HANDLE' to 'long'
F:\Pe7ndrive\My own programs\VS2019\Presszer\main.cpp(303,40): warning C4302: 'type cast': truncation from 'HANDLE' to 'long'
F:\Pe7ndrive\My own programs\VS2019\Presszer\main.cpp(314,16): warning C4244: 'initializing': conversion from '_Rep' to 'unsigned int', possible loss of data
          with
          [
              _Rep=std::chrono::system_clock::rep
          ]
  Presszer.vcxproj -> F:\Pe7ndrive\My own programs\VS2019\Presszer\x64\Debug\Presszer.exe
